<?xml version="1.0" encoding="UTF-8"?>
<!-- Generated by org.testng.reporters.JUnitXMLReporter -->
<testsuite hostname="LV054211001873" name="Default test" tests="1" failures="0" timestamp="13 Mar 2020 05:10:48 GMT" time="0.048" errors="0">
  <testcase name="@BeforeTest setupSuite" time="0.0" classname="molecular.HelloWorld_Main">
    <failure type="org.testng.TestNGException" message="
Parameter &amp;apos;browser&amp;apos; is required by @Configuration on method setupSuite but has not been marked @Optional or defined
in C:\Users\viveksi\AppData\Local\Temp\testng-eclipse-94764857\testng-customsuite.xml">
      <![CDATA[org.testng.TestNGException: 
Parameter 'browser' is required by @Configuration on method setupSuite but has not been marked @Optional or defined
in C:\Users\viveksi\AppData\Local\Temp\testng-eclipse-94764857\testng-customsuite.xml
	at org.testng.internal.Parameters.createParameters(Parameters.java:154)
	at org.testng.internal.Parameters.createParameters(Parameters.java:361)
	at org.testng.internal.Parameters.createConfigurationParameters(Parameters.java:84)
	at org.testng.internal.Invoker.invokeConfigurations(Invoker.java:197)
	at org.testng.internal.Invoker.invokeConfigurations(Invoker.java:138)
	at org.testng.TestRunner.beforeRun(TestRunner.java:648)
	at org.testng.TestRunner.run(TestRunner.java:616)
	at org.testng.SuiteRunner.runTest(SuiteRunner.java:359)
	at org.testng.SuiteRunner.runSequentially(SuiteRunner.java:354)
	at org.testng.SuiteRunner.privateRun(SuiteRunner.java:312)
	at org.testng.SuiteRunner.run(SuiteRunner.java:261)
	at org.testng.SuiteRunnerWorker.runSuite(SuiteRunnerWorker.java:52)
	at org.testng.SuiteRunnerWorker.run(SuiteRunnerWorker.java:86)
	at org.testng.TestNG.runSuitesSequentially(TestNG.java:1215)
	at org.testng.TestNG.runSuitesLocally(TestNG.java:1140)
	at org.testng.TestNG.run(TestNG.java:1048)
	at org.testng.remote.AbstractRemoteTestNG.run(AbstractRemoteTestNG.java:115)
	at org.testng.remote.RemoteTestNG.initAndRun(RemoteTestNG.java:251)
	at org.testng.remote.RemoteTestNG.main(RemoteTestNG.java:77)
]]>
    </failure>
  </testcase> <!-- @BeforeTest setupSuite -->
  <testcase name="@BeforeTest startReport" time="0.0" classname="molecular.HelloWorld_Main">
    <skipped/>
  </testcase> <!-- @BeforeTest startReport -->
  <testcase name="@BeforeMethod verifyHomepageTitle" time="0.0" classname="molecular.HelloWorld_Main">
    <skipped/>
  </testcase> <!-- @BeforeMethod verifyHomepageTitle -->
  <testcase name="Molecular" time="0.006" classname="molecular.HelloWorld_Main">
    <skipped/>
  </testcase> <!-- Molecular -->
</testsuite> <!-- Default test -->
