<?xml version="1.0" encoding="UTF-8"?>
<!-- Generated by org.testng.reporters.JUnitXMLReporter -->
<testsuite hostname="LV054211001873" name="Test" tests="1" failures="0" timestamp="12 Mar 2020 12:20:48 GMT" time="0.035" errors="0">
  <testcase name="@BeforeTest setupSuite" time="0.0" classname="molecular.HelloWorld">
    <failure type="org.testng.TestNGException" message="
Parameter &amp;apos;browser&amp;apos; is required by @Configuration on method setupSuite but has not been marked @Optional or defined
in D:\viveksi\B2B_Automation\eclipse-workspace\Demo_Moleculer_Hello_World\testng.xml">
      <![CDATA[org.testng.TestNGException: 
Parameter 'browser' is required by @Configuration on method setupSuite but has not been marked @Optional or defined
in D:\viveksi\B2B_Automation\eclipse-workspace\Demo_Moleculer_Hello_World\testng.xml
... Removed 19 stack frames]]>
    </failure>
  </testcase> <!-- @BeforeTest setupSuite -->
  <testcase name="@BeforeTest startReport" time="0.0" classname="molecular.HelloWorld">
    <skipped/>
  </testcase> <!-- @BeforeTest startReport -->
  <testcase name="@BeforeMethod verifyHomepageTitle" time="0.0" classname="molecular.HelloWorld_Main">
    <skipped/>
  </testcase> <!-- @BeforeMethod verifyHomepageTitle -->
  <testcase name="Molecular" time="0.005" classname="molecular.HelloWorld_Main">
    <skipped/>
  </testcase> <!-- Molecular -->
</testsuite> <!-- Test -->
